Build started 11/22/2017 3:15:00 PM.
     1>Project "C:\Users\Ranim\Documents\Visual Studio 2012\Projects\Compare\ConsoleApplication2 - 9 - Copy (2)\ConsoleApplication2\ConsoleApplication2.vcxproj" on node 2 (Build target(s)).
     1>ClCompile:
         C:\Program Files (x86)\Microsoft Visual Studio 11.0\VC\bin\CL.exe /c /ZI /nologo /W3 /WX- /Od /Oy- /D WIN32 /D _DEBUG /D _CONSOLE /D _UNICODE /D UNICODE /Gm /EHsc /RTC1 /MDd /GS /fp:precise /Zc:wchar_t /Zc:forScope /Fo"Debug\\" /Fd"Debug\vc110.pdb" /Gd /TP /analyze- /errorReport:prompt ..\lex.yy.cc ..\yacc.cpp
         yacc.cpp
     1>c:\users\ranim\documents\visual studio 2012\projects\compare\consoleapplication2 - 9 - copy (2)\errorrecovery.h(30): warning C4996: 'strcat': This function or variable may be unsafe. Consider using strcat_s instead. To disable deprecation, use _CRT_SECURE_NO_WARNINGS. See online help for details.
                 c:\program files (x86)\microsoft visual studio 11.0\vc\include\string.h(115) : see declaration of 'strcat'
     1>c:\users\ranim\documents\visual studio 2012\projects\compare\consoleapplication2 - 9 - copy (2)\errorrecovery.h(33): warning C4996: 'strcat': This function or variable may be unsafe. Consider using strcat_s instead. To disable deprecation, use _CRT_SECURE_NO_WARNINGS. See online help for details.
                 c:\program files (x86)\microsoft visual studio 11.0\vc\include\string.h(115) : see declaration of 'strcat'
     1>c:\users\ranim\documents\visual studio 2012\projects\compare\consoleapplication2 - 9 - copy (2)\consoleapplication2\yacc.cpp(488): warning C4273: 'malloc' : inconsistent dll linkage
                 c:\program files (x86)\microsoft visual studio 11.0\vc\include\stdlib.h(621) : see previous definition of 'malloc'
     1>c:\users\ranim\documents\visual studio 2012\projects\compare\consoleapplication2 - 9 - copy (2)\consoleapplication2\yacc.cpp(495): warning C4273: 'free' : inconsistent dll linkage
                 c:\program files (x86)\microsoft visual studio 11.0\vc\include\stdlib.h(620) : see previous definition of 'free'
     1>c:\users\ranim\documents\visual studio 2012\projects\compare\consoleapplication2 - 9 - copy (2)\consoleapplication2\yacc.cpp(2442): warning C4065: switch statement contains 'default' but no 'case' labels
     1>c:\users\ranim\documents\visual studio 2012\projects\compare\consoleapplication2 - 9 - copy (2)\consoleapplication2\yacc.cpp(2474): warning C4065: switch statement contains 'default' but no 'case' labels
     1>c:\users\ranim\documents\visual studio 2012\projects\compare\consoleapplication2 - 9 - copy (2)\yacc.y(1198): warning C4996: 'freopen': This function or variable may be unsafe. Consider using freopen_s instead. To disable deprecation, use _CRT_SECURE_NO_WARNINGS. See online help for details.
                 c:\program files (x86)\microsoft visual studio 11.0\vc\include\stdio.h(233) : see declaration of 'freopen'
     1>c:\users\ranim\documents\visual studio 2012\projects\compare\consoleapplication2 - 9 - copy (2)\yacc.y(1199): warning C4996: 'freopen': This function or variable may be unsafe. Consider using freopen_s instead. To disable deprecation, use _CRT_SECURE_NO_WARNINGS. See online help for details.
                 c:\program files (x86)\microsoft visual studio 11.0\vc\include\stdio.h(233) : see declaration of 'freopen'
         lex.yy.cc
     1>c:\users\ranim\documents\visual studio 2012\projects\compare\consoleapplication2 - 9 - copy (2)\lex.l(795): warning C4244: 'initializing' : conversion from 'int' to 'float', possible loss of data
     1>c:\users\ranim\documents\visual studio 2012\projects\compare\consoleapplication2 - 9 - copy (2)\consoleapplication2\lex.yy.cc(2383): warning C4273: 'isatty' : inconsistent dll linkage
                 c:\program files (x86)\microsoft visual studio 11.0\vc\include\io.h(311) : see previous definition of 'isatty'
         Generating Code...
       Link:
         C:\Program Files (x86)\Microsoft Visual Studio 11.0\VC\bin\link.exe /ERRORREPORT:PROMPT /OUT:"C:\Users\Ranim\Documents\Visual Studio 2012\Projects\Compare\ConsoleApplication2 - 9 - Copy (2)\Debug\ConsoleApplication2.exe" /INCREMENTAL /NOLOGO kernel32.lib user32.lib gdi32.lib winspool.lib comdlg32.lib advapi32.lib shell32.lib ole32.lib oleaut32.lib uuid.lib odbc32.lib odbccp32.lib /MANIFEST /MANIFESTUAC:"level='asInvoker' uiAccess='false'" /manifest:embed /DEBUG /PDB:"C:\Users\Ranim\Documents\Visual Studio 2012\Projects\Compare\ConsoleApplication2 - 9 - Copy (2)\Debug\ConsoleApplication2.pdb" /SUBSYSTEM:CONSOLE /TLBID:1 /DYNAMICBASE /NXCOMPAT /IMPLIB:"C:\Users\Ranim\Documents\Visual Studio 2012\Projects\Compare\ConsoleApplication2 - 9 - Copy (2)\Debug\ConsoleApplication2.lib" /MACHINE:X86 Debug\lex.yy.obj
         Debug\yacc.obj
         ConsoleApplication2.vcxproj -> C:\Users\Ranim\Documents\Visual Studio 2012\Projects\Compare\ConsoleApplication2 - 9 - Copy (2)\Debug\ConsoleApplication2.exe
     1>Done Building Project "C:\Users\Ranim\Documents\Visual Studio 2012\Projects\Compare\ConsoleApplication2 - 9 - Copy (2)\ConsoleApplication2\ConsoleApplication2.vcxproj" (Build target(s)).

Build succeeded.

Time Elapsed 00:00:11.78
